<?xml version="1.0" encoding="UTF-8"?>
<robot generator="Robot 4.1.3 (Python 3.7.5 on darwin)" generated="20220119 09:51:50.881" rpa="false" schemaversion="2">
<suite id="s1" name="Robot Interactive Console" source="/Users/stoi/.vscode/extensions/robocorp.robotframework-lsp-0.36.0/src/robotframework_ls/vendored/robotframework_interactive/robot_interactive_console.robot">
<test id="s1-t1" name="Default Task/Test">
<kw name="Interpreter Main Loop" library="MainLoop">
<kw name="Library RPA.Browser.Selenium">
<msg timestamp="20220119 09:59:16.808" level="FAIL">No keyword with name 'Library RPA.Browser.Selenium' found.</msg>
<status status="FAIL" starttime="20220119 09:59:16.807" endtime="20220119 09:59:16.808"/>
</kw>
<kw name="Get Library Instance" library="BuiltIn">
<arg>RPA.Browser.Selenium</arg>
<doc>Returns the currently active instance of the specified test library.</doc>
<msg timestamp="20220119 09:59:34.352" level="FAIL">No library 'RPA.Browser.Selenium' found.</msg>
<status status="FAIL" starttime="20220119 09:59:34.350" endtime="20220119 09:59:34.352"/>
</kw>
<status status="PASS" starttime="20220119 09:51:50.921" endtime="20220119 10:08:04.854"/>
</kw>
<status status="PASS" starttime="20220119 09:51:50.920" endtime="20220119 10:08:04.855"/>
</test>
<status status="PASS" starttime="20220119 09:51:50.883" endtime="20220119 10:08:04.857"/>
</suite>
<statistics>
<total>
<stat pass="1" fail="0" skip="0">All Tests</stat>
</total>
<tag>
</tag>
<suite>
<stat pass="1" fail="0" skip="0" id="s1" name="Robot Interactive Console">Robot Interactive Console</stat>
</suite>
</statistics>
<errors>
</errors>
</robot>
